生成启动时间为 2020/12/23 19:54:36。
     1>项目“E:\c\code\tset_12_23\tset_12_23\tset_12_23.vcxproj”在节点 2 上(build 个目标)。
     1>InitializeBuildStatus:
         正在对“Debug\tset_12_23.unsuccessfulbuild”执行 Touch 任务。
       ClCompile:
         E:\c\VC\bin\CL.exe /c /ZI /nologo /W3 /WX- /Od /Oy- /D _MBCS /Gm /EHsc /RTC1 /MDd /GS /fp:precise /Zc:wchar_t /Zc:forScope /Fo"Debug\\" /Fd"Debug\vc100.pdb" /Gd /TP /analyze- /errorReport:prompt test_12_23.cpp
         test_12_23.cpp
     1>e:\c\code\tset_12_23\tset_12_23\test_12_23.cpp(115): warning C4996: 'scanf': This function or variable may be unsafe. Consider using scanf_s instead. To disable deprecation, use _CRT_SECURE_NO_WARNINGS. See online help for details.
                 e:\c\vc\include\stdio.h(304) : 参见“scanf”的声明
       Link:
         E:\c\VC\bin\link.exe /ERRORREPORT:PROMPT /OUT:"E:\c\code\tset_12_23\Debug\tset_12_23.exe" /NOLOGO kernel32.lib user32.lib gdi32.lib winspool.lib comdlg32.lib advapi32.lib shell32.lib ole32.lib oleaut32.lib uuid.lib odbc32.lib odbccp32.lib /MANIFEST /ManifestFile:"Debug\tset_12_23.exe.intermediate.manifest" /MANIFESTUAC:"level='asInvoker' uiAccess='false'" /DEBUG /PDB:"E:\c\code\tset_12_23\Debug\tset_12_23.pdb" /SUBSYSTEM:CONSOLE /TLBID:1 /DYNAMICBASE /NXCOMPAT /IMPLIB:"E:\c\code\tset_12_23\Debug\tset_12_23.lib" /MACHINE:X86 Debug\test_12_23.obj
         LINK : 没有找到 E:\c\code\tset_12_23\Debug\tset_12_23.exe 或上一个增量链接没有生成它；正在执行完全链接
         tset_12_23.vcxproj -> E:\c\code\tset_12_23\Debug\tset_12_23.exe
       Manifest:
         C:\Program Files (x86)\Microsoft SDKs\Windows\v7.0A\bin\mt.exe /nologo /verbose /outputresource:"E:\c\code\tset_12_23\Debug\tset_12_23.exe;#1" /manifest Debug\tset_12_23.exe.intermediate.manifest
       FinalizeBuildStatus:
         正在删除文件“Debug\tset_12_23.unsuccessfulbuild”。
         正在对“Debug\tset_12_23.lastbuildstate”执行 Touch 任务。
     1>已完成生成项目“E:\c\code\tset_12_23\tset_12_23\tset_12_23.vcxproj”(build 个目标)的操作。

生成成功。

已用时间 00:00:03.44
